ISim log file
Running: /home/sduvvuri/thesis.git/UART_TOP_MOD_II/UART_Controller_isim_beh.exe -intstyle ise -gui -tclbatch isim.cmd -wdb /home/sduvvuri/thesis.git/UART_TOP_MOD_II/UART_Controller_isim_beh.wdb 
INFO: There is another simulation running in the same directory. Using database file name isim2.wdb.
ISim P.20131013 (signature 0xfbc00daa)
This is a Full version of ISim.
Time resolution is 1 ps
# onerror resume
# wave add /
# run 1000 ns
Simulator is doing circuit initialization process.
Finished circuit initialization process.
# isim force add /uart_controller/clk 1 -radix bin -value 0 -radix bin -time 5 ps -repeat 10 ps
# isim force add /uart_controller/rst 1 -radix bin
# run 1.00us
# isim force add /uart_controller/rst 0 -radix bin
# run 1.00us
# isim force add /uart_controller/rx2tx_connection 100100 -radix bin
# run 1.00us
# isim force add /uart_controller/reveivednewdata_flag 0 -radix bin
# run 1.00us
# isim force add /uart_controller/reveivednewdata_flag 1 -radix bin
# run 1.00us
